{"level":"info","message":"Server is running on port 5000","service":"campus-portal-api","timestamp":"2026-03-17 11:47:50"}
{"level":"info","message":"Server is running on port 5000","service":"campus-portal-api","timestamp":"2026-03-17 11:58:45"}
{"level":"info","message":"Server is running on port 5000","service":"campus-portal-api","timestamp":"2026-03-17 12:00:08"}
{"level":"info","message":"Server is running on port 5000","service":"campus-portal-api","timestamp":"2026-03-17 12:03:57"}
{"level":"error","message":"Only CSV files are allowed - POST /api/student/upload-csv - ::1","service":"campus-portal-api","timestamp":"2026-03-17 12:22:02"}
{"level":"error","message":"Error: Only CSV files are allowed\n    at fileFilter (C:\\Users\\EDP IT VIVEK\\Desktop\\Campus online exam portal\\backend\\routes\\studentRoutes.js:21:17)\n    at wrappedFileFilter (C:\\Users\\EDP IT VIVEK\\Desktop\\Campus online exam portal\\backend\\node_modules\\multer\\index.js:45:7)\n    at Multipart.<anonymous> (C:\\Users\\EDP IT VIVEK\\Desktop\\Campus online exam portal\\backend\\node_modules\\multer\\lib\\make-middleware.js:183:7)\n    at Multipart.emit (node:events:508:28)\n    at HeaderParser.cb (C:\\Users\\EDP IT VIVEK\\Desktop\\Campus online exam portal\\backend\\node_modules\\busboy\\lib\\types\\multipart.js:358:14)\n    at HeaderParser.push (C:\\Users\\EDP IT VIVEK\\Desktop\\Campus online exam portal\\backend\\node_modules\\busboy\\lib\\types\\multipart.js:162:20)\n    at SBMH.ssCb [as _cb] (C:\\Users\\EDP IT VIVEK\\Desktop\\Campus online exam portal\\backend\\node_modules\\busboy\\lib\\types\\multipart.js:394:37)\n    at feed (C:\\Users\\EDP IT VIVEK\\Desktop\\Campus online exam portal\\backend\\node_modules\\streamsearch\\lib\\sbmh.js:248:10)\n    at SBMH.push (C:\\Users\\EDP IT VIVEK\\Desktop\\Campus online exam portal\\backend\\node_modules\\streamsearch\\lib\\sbmh.js:104:16)\n    at Multipart._write (C:\\Users\\EDP IT VIVEK\\Desktop\\Campus online exam portal\\backend\\node_modules\\busboy\\lib\\types\\multipart.js:567:19)","service":"campus-portal-api","timestamp":"2026-03-17 12:22:02"}
{"level":"info","message":"Server is running on port 5000","service":"campus-portal-api","timestamp":"2026-03-17 12:38:35"}
{"level":"info","message":"Server is running on port 5000","service":"campus-portal-api","timestamp":"2026-03-17 12:41:30"}
{"level":"info","message":"Server is running on port 5000","service":"campus-portal-api","timestamp":"2026-03-17 12:56:04"}
{"level":"info","message":"Server is running on port 5000","service":"campus-portal-api","timestamp":"2026-03-17 12:57:25"}
{"level":"info","message":"Server is running on port 5000","service":"campus-portal-api","timestamp":"2026-03-17 17:28:02"}
{"level":"info","message":"Server is running on port 5000","service":"campus-portal-api","timestamp":"2026-03-17 18:07:43"}
{"level":"info","message":"Server is running on port 5000","service":"campus-portal-api","timestamp":"2026-03-17 18:26:45"}
{"level":"info","message":"Server is running on port 5000","service":"campus-portal-api","timestamp":"2026-03-17 18:30:51"}
{"level":"info","message":"Server is running on port 5000","service":"campus-portal-api","timestamp":"2026-03-17 18:33:18"}
{"level":"info","message":"Server is running on port 5000","service":"campus-portal-api","timestamp":"2026-03-17 18:36:16"}
{"level":"info","message":"Server is running on port 5000","service":"campus-portal-api","timestamp":"2026-03-17 18:36:39"}
{"level":"info","message":"Server is running on port 5000","service":"campus-portal-api","timestamp":"2026-03-17 18:41:46"}
{"level":"info","message":"Server is running on port 5000","service":"campus-portal-api","timestamp":"2026-03-17 18:46:07"}
{"level":"info","message":"Server is running on port 5000","service":"campus-portal-api","timestamp":"2026-03-17 18:57:39"}
{"level":"info","message":"Server is running on port 5000","service":"campus-portal-api","timestamp":"2026-03-17 18:58:30"}
{"level":"info","message":"Server is running on port 5000","service":"campus-portal-api","timestamp":"2026-03-17 19:27:44"}
{"level":"info","message":"Server is running on port 5000","service":"campus-portal-api","timestamp":"2026-03-17 19:33:51"}
{"level":"info","message":"Server is running on port 5000","service":"campus-portal-api","timestamp":"2026-03-17 19:51:26"}
{"level":"info","message":"Server is running on port 5000","service":"campus-portal-api","timestamp":"2026-03-17 19:53:03"}
{"level":"info","message":"Server is running on port 5000","service":"campus-portal-api","timestamp":"2026-03-17 20:00:20"}
{"level":"info","message":"Server is running on port 5000","service":"campus-portal-api","timestamp":"2026-03-17 20:09:36"}
{"level":"info","message":"Server is running on port 5000","service":"campus-portal-api","timestamp":"2026-03-17 20:13:22"}
{"level":"info","message":"Server is running on port 5000","service":"campus-portal-api","timestamp":"2026-03-17 20:18:43"}
{"level":"info","message":"Server is running on port 5000","service":"campus-portal-api","timestamp":"2026-03-17 20:25:49"}
{"level":"info","message":"Server is running on port 5000","service":"campus-portal-api","timestamp":"2026-03-17 21:09:48"}
{"level":"info","message":"Server is running on port 5000","service":"campus-portal-api","timestamp":"2026-03-17 21:11:40"}
{"level":"info","message":"Server is running on port 5000","service":"campus-portal-api","timestamp":"2026-03-17 21:48:00"}
{"level":"info","message":"Server is running on port 5000","service":"campus-portal-api","timestamp":"2026-03-17 21:51:39"}
{"level":"info","message":"Server is running on port 5000","service":"campus-portal-api","timestamp":"2026-03-17 21:53:21"}
{"level":"info","message":"Server is running on port 5000","service":"campus-portal-api","timestamp":"2026-03-17 22:00:06"}
{"level":"info","message":"Server is running on port 5000","service":"campus-portal-api","timestamp":"2026-03-17 22:01:14"}
{"level":"info","message":"Server is running on port 5000","service":"campus-portal-api","timestamp":"2026-03-17 22:02:56"}
{"level":"info","message":"Server is running on port 5000","service":"campus-portal-api","timestamp":"2026-03-17 22:42:51"}
{"level":"info","message":"Server is running on port 5000","service":"campus-portal-api","timestamp":"2026-03-18 11:18:10"}
{"level":"info","message":"Server is running on port 5000","service":"campus-portal-api","timestamp":"2026-03-18 12:08:10"}
{"level":"info","message":"Server is running on port 5000","service":"campus-portal-api","timestamp":"2026-03-18 12:08:21"}
{"level":"info","message":"Server is running on port 5000","service":"campus-portal-api","timestamp":"2026-03-18 12:15:10"}
{"level":"info","message":"Server is running on port 5000","service":"campus-portal-api","timestamp":"2026-03-18 12:20:55"}
{"level":"error","message":"Not Found - /api/auth/status - GET /api/auth/status - ::1","service":"campus-portal-api","timestamp":"2026-03-18 12:22:03"}
{"level":"error","message":"Error: Not Found - /api/auth/status\n    at notFound (C:\\Users\\EDP IT VIVEK\\Desktop\\Campus online exam portal\\backend\\middleware\\errorMiddleware.js:19:17)\n    at newFn (C:\\Users\\EDP IT VIVEK\\Desktop\\Campus online exam portal\\backend\\node_modules\\express-async-errors\\index.js:16:20)\n    at Layer.handle [as handle_request] (C:\\Users\\EDP IT VIVEK\\Desktop\\Campus online exam portal\\backend\\node_modules\\express\\lib\\router\\layer.js:95:5)\n    at trim_prefix (C:\\Users\\EDP IT VIVEK\\Desktop\\Campus online exam portal\\backend\\node_modules\\express\\lib\\router\\index.js:328:13)\n    at C:\\Users\\EDP IT VIVEK\\Desktop\\Campus online exam portal\\backend\\node_modules\\express\\lib\\router\\index.js:286:9\n    at router.process_params (C:\\Users\\EDP IT VIVEK\\Desktop\\Campus online exam portal\\backend\\node_modules\\express\\lib\\router\\index.js:346:12)\n    at next (C:\\Users\\EDP IT VIVEK\\Desktop\\Campus online exam portal\\backend\\node_modules\\express\\lib\\router\\index.js:280:10)\n    at C:\\Users\\EDP IT VIVEK\\Desktop\\Campus online exam portal\\backend\\node_modules\\express\\lib\\router\\index.js:646:15\n    at next (C:\\Users\\EDP IT VIVEK\\Desktop\\Campus online exam portal\\backend\\node_modules\\express\\lib\\router\\index.js:265:14)\n    at router.handle (C:\\Users\\EDP IT VIVEK\\Desktop\\Campus online exam portal\\backend\\node_modules\\express\\lib\\router\\index.js:175:3)","service":"campus-portal-api","timestamp":"2026-03-18 12:22:03"}
{"level":"info","message":"Server is running on port 5000","service":"campus-portal-api","timestamp":"2026-03-19 10:25:50"}
{"level":"info","message":"Server is running on port 5000","service":"campus-portal-api","timestamp":"2026-03-19 11:33:38"}
{"level":"info","message":"Server is running on port 5000","service":"campus-portal-api","timestamp":"2026-03-19 11:33:56"}
{"level":"info","message":"Server is running on port 5000","service":"campus-portal-api","timestamp":"2026-03-19 11:34:10"}
{"level":"info","message":"Server is running on port 5000","service":"campus-portal-api","timestamp":"2026-03-19 11:34:22"}
{"level":"info","message":"Server is running on port 5000","service":"campus-portal-api","timestamp":"2026-03-19 11:34:34"}
{"level":"info","message":"Server is running on port 5000","service":"campus-portal-api","timestamp":"2026-03-19 11:44:39"}
{"level":"info","message":"Server is running on port 5000","service":"campus-portal-api","timestamp":"2026-03-19 11:58:16"}
{"level":"info","message":"Server is running on port 5000","service":"campus-portal-api","timestamp":"2026-03-19 11:58:37"}
{"level":"info","message":"Server is running on port 5000","service":"campus-portal-api","timestamp":"2026-03-19 12:14:04"}
{"level":"info","message":"Server is running on port 5000","service":"campus-portal-api","timestamp":"2026-03-19 12:20:44"}
{"level":"info","message":"Server is running on port 5000","service":"campus-portal-api","timestamp":"2026-03-19 18:53:39"}
{"level":"info","message":"Server is running on port 5000","service":"campus-portal-api","timestamp":"2026-03-19 21:48:02"}
{"level":"info","message":"Server is running on port 5000","service":"campus-portal-api","timestamp":"2026-03-19 21:56:00"}
{"level":"info","message":"Login attempt for student: srivastavah330@bbdu.ac.in","service":"campus-portal-api","timestamp":"2026-03-19 21:56:42"}
{"level":"error","message":"Failed login attempt for student: srivastavah330@bbdu.ac.in - Error: \nInvalid `prisma.student.findUnique()` invocation in\nC:\\Users\\EDP IT VIVEK\\Desktop\\Campus online exam portal\\backend\\services\\authService.js:86:40\n\n  83 };\n  84 \n  85 const loginStudent = async (email, password) => {\n→ 86   const student = await prisma.student.findUnique(\nThe table `public.Student` does not exist in the current database.","service":"campus-portal-api","timestamp":"2026-03-19 21:56:44"}
{"level":"info","message":"Login attempt for admin: BBDUSOE2026","service":"campus-portal-api","timestamp":"2026-03-19 21:57:05"}
{"level":"error","message":"Failed login attempt for admin: BBDUSOE2026 - Error: \nInvalid `prisma.admin.findUnique()` invocation in\nC:\\Users\\EDP IT VIVEK\\Desktop\\Campus online exam portal\\backend\\services\\authService.js:108:36\n\n  105 };\n  106 \n  107 const loginAdmin = async (username, password) => {\n→ 108   const admin = await prisma.admin.findUnique(\nThe table `public.Admin` does not exist in the current database.","service":"campus-portal-api","timestamp":"2026-03-19 21:57:05"}
{"level":"info","message":"Server is running on port 5000","service":"campus-portal-api","timestamp":"2026-03-19 22:16:55"}
{"level":"info","message":"Server is running on port 5000","service":"campus-portal-api","timestamp":"2026-03-19 22:54:52"}
{"level":"info","message":"Login attempt for student: srivastavah330@bbdu.ac.in","service":"campus-portal-api","timestamp":"2026-03-19 23:51:09"}
{"level":"error","message":"Failed login attempt for student: srivastavah330@bbdu.ac.in - Error: Invalid email or password","service":"campus-portal-api","timestamp":"2026-03-19 23:51:12"}
{"level":"info","message":"Login attempt for admin: BBDUSOE2026","service":"campus-portal-api","timestamp":"2026-03-19 23:51:28"}
{"level":"info","message":"Successful login for admin: BBDUSOE2026","service":"campus-portal-api","timestamp":"2026-03-19 23:51:29"}
{"level":"info","message":"Login attempt for admin: BBDUSOE2026","service":"campus-portal-api","timestamp":"2026-03-19 23:55:40"}
{"level":"info","message":"Successful login for admin: BBDUSOE2026","service":"campus-portal-api","timestamp":"2026-03-19 23:55:41"}
{"level":"info","message":"Server is running on port 5000","service":"campus-portal-api","timestamp":"2026-03-20 00:27:01"}
{"level":"info","message":"Server is running on port 5000","service":"campus-portal-api","timestamp":"2026-03-20 00:44:49"}
{"level":"info","message":"Server is running on port 5000","service":"campus-portal-api","timestamp":"2026-03-20 00:45:20"}
{"level":"info","message":"Server is running on port 5000","service":"campus-portal-api","timestamp":"2026-03-20 00:45:57"}
{"level":"info","message":"Login attempt for admin: BBDUSOE2026","service":"campus-portal-api","timestamp":"2026-03-20 00:49:22"}
{"level":"info","message":"Successful login for admin: BBDUSOE2026","service":"campus-portal-api","timestamp":"2026-03-20 00:49:23"}
{"level":"info","message":"Server is running on port 5000","service":"campus-portal-api","timestamp":"2026-03-20 11:20:26"}
{"level":"info","message":"Login attempt for admin: BBDUSOE2026","service":"campus-portal-api","timestamp":"2026-03-20 11:21:16"}
{"level":"info","message":"Successful login for admin: BBDUSOE2026","service":"campus-portal-api","timestamp":"2026-03-20 11:21:20"}
{"level":"info","message":"Server is running on port 5000","service":"campus-portal-api","timestamp":"2026-03-20 12:08:51"}
{"level":"info","message":"Server is running on port 5000","service":"campus-portal-api","timestamp":"2026-03-20 12:13:45"}
{"level":"info","message":"Login attempt for admin: BBDUSOE2026","service":"campus-portal-api","timestamp":"2026-03-20 12:14:28"}
{"level":"info","message":"Successful login for admin: BBDUSOE2026","service":"campus-portal-api","timestamp":"2026-03-20 12:14:31"}
{"level":"info","message":"Server is running on port 5000","service":"campus-portal-api","timestamp":"2026-03-20 13:59:36"}
{"level":"info","message":"Login attempt for admin: BBDUSOE2026","service":"campus-portal-api","timestamp":"2026-03-20 14:00:24"}
{"level":"info","message":"Successful login for admin: BBDUSOE2026","service":"campus-portal-api","timestamp":"2026-03-20 14:00:25"}
{"level":"info","message":"Server is running on port 5000","service":"campus-portal-api","timestamp":"2026-03-20 14:22:41"}
{"level":"info","message":"Login attempt for admin: BBDUSOE2026","service":"campus-portal-api","timestamp":"2026-03-20 14:36:06"}
{"level":"info","message":"Successful login for admin: BBDUSOE2026","service":"campus-portal-api","timestamp":"2026-03-20 14:36:09"}
{"level":"info","message":"Server is running on port 5000","service":"campus-portal-api","timestamp":"2026-03-20 14:52:57"}
{"level":"info","message":"Server is running on port 5000","service":"campus-portal-api","timestamp":"2026-03-20 15:15:16"}
{"level":"info","message":"Server is running on port 5000","service":"campus-portal-api","timestamp":"2026-03-20 15:18:03"}
{"level":"info","message":"Server is running on port 5000","service":"campus-portal-api","timestamp":"2026-03-20 15:18:50"}
{"level":"info","message":"Server is running on port 5000","service":"campus-portal-api","timestamp":"2026-03-20 15:23:10"}
{"level":"info","message":"Server is running on port 5000","service":"campus-portal-api","timestamp":"2026-03-20 15:23:43"}
{"level":"info","message":"Login attempt for admin: BBDUSOE2026","service":"campus-portal-api","timestamp":"2026-03-20 15:25:42"}
{"level":"error","message":"Failed login attempt for admin: BBDUSOE2026 - Error: \nInvalid `prisma.admin.findUnique()` invocation in\nC:\\Users\\EDP IT VIVEK\\Desktop\\Campus online exam portal\\backend\\services\\authService.js:109:36\n\n  106 };\n  107 \n  108 const loginAdmin = async (username, password) => {\n→ 109   const admin = await prisma.admin.findUnique(\nCan't reach database server at `ep-cool-flower-a1qsfpqx-pooler.ap-southeast-1.aws.neon.tech:5432`\n\nPlease make sure your database server is running at `ep-cool-flower-a1qsfpqx-pooler.ap-southeast-1.aws.neon.tech:5432`.","service":"campus-portal-api","timestamp":"2026-03-20 15:25:47"}
{"level":"info","message":"Login attempt for admin: BBDUSOE2026","service":"campus-portal-api","timestamp":"2026-03-20 15:26:17"}
{"level":"error","message":"Failed login attempt for admin: BBDUSOE2026 - Error: \nInvalid `prisma.admin.findUnique()` invocation in\nC:\\Users\\EDP IT VIVEK\\Desktop\\Campus online exam portal\\backend\\services\\authService.js:109:36\n\n  106 };\n  107 \n  108 const loginAdmin = async (username, password) => {\n→ 109   const admin = await prisma.admin.findUnique(\nCan't reach database server at `ep-cool-flower-a1qsfpqx-pooler.ap-southeast-1.aws.neon.tech:5432`\n\nPlease make sure your database server is running at `ep-cool-flower-a1qsfpqx-pooler.ap-southeast-1.aws.neon.tech:5432`.","service":"campus-portal-api","timestamp":"2026-03-20 15:26:22"}
{"level":"info","message":"Server is running on port 5000","service":"campus-portal-api","timestamp":"2026-03-20 15:36:42"}
{"level":"info","message":"Login attempt for admin: BBDUSOE2026","service":"campus-portal-api","timestamp":"2026-03-20 15:41:06"}
{"level":"error","message":"Failed login attempt for admin: BBDUSOE2026 - Error: \nInvalid `prisma.admin.findUnique()` invocation in\nC:\\Users\\EDP IT VIVEK\\Desktop\\Campus online exam portal\\backend\\services\\authService.js:109:36\n\n  106 };\n  107 \n  108 const loginAdmin = async (username, password) => {\n→ 109   const admin = await prisma.admin.findUnique(\nCan't reach database server at `ep-cool-flower-a1qsfpqx-pooler.ap-southeast-1.aws.neon.tech:5432`\n\nPlease make sure your database server is running at `ep-cool-flower-a1qsfpqx-pooler.ap-southeast-1.aws.neon.tech:5432`.","service":"campus-portal-api","timestamp":"2026-03-20 15:41:12"}
{"level":"info","message":"Login attempt for admin: BBDUSOE2026","service":"campus-portal-api","timestamp":"2026-03-20 15:42:13"}
{"level":"error","message":"Failed login attempt for admin: BBDUSOE2026 - Error: \nInvalid `prisma.admin.findUnique()` invocation in\nC:\\Users\\EDP IT VIVEK\\Desktop\\Campus online exam portal\\backend\\services\\authService.js:109:36\n\n  106 };\n  107 \n  108 const loginAdmin = async (username, password) => {\n→ 109   const admin = await prisma.admin.findUnique(\nCan't reach database server at `ep-cool-flower-a1qsfpqx-pooler.ap-southeast-1.aws.neon.tech:5432`\n\nPlease make sure your database server is running at `ep-cool-flower-a1qsfpqx-pooler.ap-southeast-1.aws.neon.tech:5432`.","service":"campus-portal-api","timestamp":"2026-03-20 15:42:18"}
{"level":"info","message":"Login attempt for admin: BBDUSOE2026","service":"campus-portal-api","timestamp":"2026-03-20 15:43:10"}
{"level":"error","message":"Failed login attempt for admin: BBDUSOE2026 - Error: \nInvalid `prisma.admin.findUnique()` invocation in\nC:\\Users\\EDP IT VIVEK\\Desktop\\Campus online exam portal\\backend\\services\\authService.js:109:36\n\n  106 };\n  107 \n  108 const loginAdmin = async (username, password) => {\n→ 109   const admin = await prisma.admin.findUnique(\nCan't reach database server at `ep-cool-flower-a1qsfpqx-pooler.ap-southeast-1.aws.neon.tech:5432`\n\nPlease make sure your database server is running at `ep-cool-flower-a1qsfpqx-pooler.ap-southeast-1.aws.neon.tech:5432`.","service":"campus-portal-api","timestamp":"2026-03-20 15:43:15"}
{"level":"info","message":"Server is running on port 5000","service":"campus-portal-api","timestamp":"2026-03-20 21:04:05"}
{"level":"info","message":"Login attempt for admin: BBDUSOE2026","service":"campus-portal-api","timestamp":"2026-03-20 21:04:19"}
{"level":"info","message":"Successful login for admin: BBDUSOE2026","service":"campus-portal-api","timestamp":"2026-03-20 21:04:19"}
{"level":"info","message":"Server is running on port 5000","service":"campus-portal-api","timestamp":"2026-03-20 22:02:19"}
{"level":"info","message":"Server is running on port 5000","service":"campus-portal-api","timestamp":"2026-03-20 22:09:38"}
{"level":"info","message":"Server is running on port 5000","service":"campus-portal-api","timestamp":"2026-03-20 23:21:26"}
{"level":"info","message":"Server is running on port 5000","service":"campus-portal-api","timestamp":"2026-03-20 23:28:25"}
{"level":"info","message":"Server is running on port 5000","service":"campus-portal-api","timestamp":"2026-03-20 23:35:19"}
{"level":"info","message":"Server is running on port 5000","service":"campus-portal-api","timestamp":"2026-03-20 23:35:36"}
{"level":"info","message":"Server is running on port 5000","service":"campus-portal-api","timestamp":"2026-03-21 00:39:43"}
{"level":"info","message":"Server is running on port 5000","service":"campus-portal-api","timestamp":"2026-03-21 00:39:59"}
